<?xml version="1.0" encoding="UTF-8"?>
<!-- Generated by org.testng.reporters.JUnitReportReporter -->
<testsuite skipped="0" hostname="EVT02093NB" name="org.springframework.samples.petclinic.PetclinicTestRunner" tests="3" failures="0" timestamp="10 Kas 2021 12:32:15 GMT" time="26.971" errors="0">
  <testcase name="runScenario" time="9.163" classname="org.springframework.samples.petclinic.PetclinicTestRunner"/>
  <testcase name="runScenario" time="8.852" classname="org.springframework.samples.petclinic.PetclinicTestRunner"/>
  <testcase name="runScenario" time="8.956" classname="org.springframework.samples.petclinic.PetclinicTestRunner"/>
</testsuite> <!-- org.springframework.samples.petclinic.PetclinicTestRunner -->
