<?xml version="1.0" encoding="UTF-8"?>
<!-- Generated by org.testng.reporters.JUnitReportReporter -->
<testsuite skipped="0" hostname="EVT02093NB" name="org.springframework.samples.petclinic.FindOwnersSeleniumWebDriverTest" tests="3" failures="0" timestamp="10 Kas 2021 12:28:05 GMT" time="1.627" errors="0">
  <testcase name="addNewPet" time="0.498" classname="org.springframework.samples.petclinic.FindOwnersSeleniumWebDriverTest"/>
  <testcase name="addOwner" time="0.740" classname="org.springframework.samples.petclinic.FindOwnersSeleniumWebDriverTest"/>
  <testcase name="editOwner" time="0.389" classname="org.springframework.samples.petclinic.FindOwnersSeleniumWebDriverTest"/>
</testsuite> <!-- org.springframework.samples.petclinic.FindOwnersSeleniumWebDriverTest -->
